<?xml version="1.0" encoding="UTF-8"?>
<!-- Generated by org.testng.reporters.JUnitReportReporter -->
<testsuite hostname="DESKTOP-52INU0K" failures="0" tests="1" name="ecommerce.LaunchAmazon_Test" time="10.577" errors="0" timestamp="2024-03-21T20:23:55 GMT-07:00" skipped="0">
  <testcase classname="ecommerce.LaunchAmazon_Test" name="amazon" time="10.577"/>
  <system-out/>
</testsuite> <!-- ecommerce.LaunchAmazon_Test -->
