<?xml version="1.0" encoding="UTF-8"?>
<!-- Generated by org.testng.reporters.JUnitReportReporter -->
<testsuite hostname="DESKTOP-52INU0K" failures="0" tests="1" name="ecommerce.LaunchMeesho_Test" time="11.458" errors="0" timestamp="2024-03-21T20:23:55 GMT-07:00" skipped="0">
  <testcase classname="ecommerce.LaunchMeesho_Test" name="meesho" time="11.458"/>
  <system-out/>
</testsuite> <!-- ecommerce.LaunchMeesho_Test -->
