<?xml version="1.0" encoding="UTF-8"?>
<!-- Generated by org.testng.reporters.JUnitReportReporter -->
<testsuite hostname="DESKTOP-52INU0K" failures="0" tests="1" name="Beauty.LaunchLakme_Test" time="11.881" errors="0" timestamp="2024-03-20T21:53:34 GMT-07:00" skipped="0">
  <testcase classname="Beauty.LaunchLakme_Test" name="lakme" time="11.881"/>
  <system-out/>
</testsuite> <!-- Beauty.LaunchLakme_Test -->
