<?xml version="1.0" encoding="UTF-8"?>
<!-- Generated by org.testng.reporters.JUnitReportReporter -->
<testsuite hostname="DESKTOP-52INU0K" failures="0" tests="1" name="ecommerce.LaunchFlipkart_Test" time="6.727" errors="0" timestamp="2024-03-21T20:23:55 GMT-07:00" skipped="0">
  <testcase classname="ecommerce.LaunchFlipkart_Test" name="flipkart" time="6.727"/>
  <system-out/>
</testsuite> <!-- ecommerce.LaunchFlipkart_Test -->
